<?xml version="1.0" encoding="UTF-8"?>
<!-- Generated by org.testng.reporters.JUnitReportReporter -->
<testsuite hostname="DESKTOP-73IKDK2" failures="0" tests="1" name="com.Automation.Learning.TestCases.LoginTest" time="8.172" errors="0" timestamp="2021-07-07T11:35:37 EDT" skipped="0">
  <testcase classname="com.Automation.Learning.TestCases.LoginTest" name="login" time="8.172"/>
  <system-out/>
</testsuite> <!-- com.Automation.Learning.TestCases.LoginTest -->
