<?xml version="1.0" encoding="UTF-8"?>
<!-- Generated by org.testng.reporters.JUnitReportReporter -->
<testsuite hostname="DESKTOP-73IKDK2" failures="0" tests="2" name="com.Automation.Learning.TestCases.TestCase1" time="10.170" errors="0" timestamp="2021-06-11T12:03:28 EDT" skipped="0">
  <testcase classname="com.Automation.Learning.TestCases.TestCase1" name="pageloadedsuccessfully" time="4.011"/>
  <system-out/>
  <testcase classname="com.Automation.Learning.TestCases.TestCase1" name="searchitem" time="6.159"/>
  <system-out/>
</testsuite> <!-- com.Automation.Learning.TestCases.TestCase1 -->
