<?xml version="1.0" encoding="UTF-8"?>
<!-- Generated by org.testng.reporters.JUnitReportReporter -->
<testsuite hostname="DESKTOP-73IKDK2" failures="0" tests="1" name="com.Automation.Learning.TestCases.Testingmydrivercode" time="4.894" errors="0" timestamp="2021-06-21T20:20:29 EDT" skipped="0">
  <testcase classname="com.Automation.Learning.TestCases.Testingmydrivercode" name="print" time="4.894"/>
  <system-out/>
</testsuite> <!-- com.Automation.Learning.TestCases.Testingmydrivercode -->
