<?xml version="1.0" encoding="UTF-8"?>
<!-- Generated by org.testng.reporters.JUnitReportReporter -->
<testsuite hostname="DESKTOP-73IKDK2" failures="0" tests="3" name="com.Automation.Learning.TestCases.TestngDataProviderTest" time="19.814" errors="0" timestamp="2021-07-01T20:47:29 EDT" skipped="0">
  <testcase classname="com.Automation.Learning.TestCases.TestngDataProviderTest" name="dataprovidertestng" time="7.594"/>
  <system-out/>
  <testcase classname="com.Automation.Learning.TestCases.TestngDataProviderTest" name="dataprovidertestng" time="6.200"/>
  <system-out/>
  <testcase classname="com.Automation.Learning.TestCases.TestngDataProviderTest" name="dataprovidertestng" time="6.020"/>
  <system-out/>
</testsuite> <!-- com.Automation.Learning.TestCases.TestngDataProviderTest -->
