<?xml version="1.0" encoding="UTF-8"?>
<!-- Generated by org.testng.reporters.JUnitReportReporter -->
<testsuite hostname="DESKTOP-73IKDK2" failures="0" tests="1" name="com.Automation.Learning.TestCases.TestngDataProviderTest" time="0.000" errors="0" timestamp="2021-07-06T20:37:06 EDT" skipped="1">
  <testcase classname="com.Automation.Learning.TestCases.TestngDataProviderTest" name="dataprovidertestng" time="0.000">
    <skipped/>
  </testcase> <!-- dataprovidertestng -->
  <system-out/>
</testsuite> <!-- com.Automation.Learning.TestCases.TestngDataProviderTest -->
