<?xml version="1.0" encoding="UTF-8"?>
<!-- Generated by org.testng.reporters.JUnitReportReporter -->
<testsuite hostname="DESKTOP-73IKDK2" failures="0" tests="1" name="com.Automation.Learning.TestCases.FileCopyTest" time="0.097" errors="0" timestamp="2021-07-04T15:29:36 EDT" skipped="0">
  <testcase classname="com.Automation.Learning.TestCases.FileCopyTest" name="DuplicatePDF" time="0.097"/>
  <system-out/>
</testsuite> <!-- com.Automation.Learning.TestCases.FileCopyTest -->
