<?xml version="1.0" encoding="UTF-8"?>
<!-- Generated by org.testng.reporters.JUnitReportReporter -->
<testsuite hostname="DESKTOP-73IKDK2" failures="0" tests="1" name="com.Automation.Learning.TestCases.readexcelfile" time="3.026" errors="0" timestamp="2021-06-13T19:54:14 EDT" skipped="0">
  <testcase classname="com.Automation.Learning.TestCases.readexcelfile" name="readexcel" time="3.026"/>
  <system-out/>
</testsuite> <!-- com.Automation.Learning.TestCases.readexcelfile -->
