<?xml version="1.0" encoding="UTF-8"?>
<!-- Generated by org.testng.reporters.JUnitReportReporter -->
<testsuite hostname="DESKTOP-73IKDK2" failures="0" tests="1" name="com.Automation.Learning.TestCases.WebTableTest" time="2.913" errors="0" timestamp="2021-06-23T18:19:55 EDT" skipped="0">
  <testcase classname="com.Automation.Learning.TestCases.WebTableTest" name="WebtableRowCount" time="2.913"/>
  <system-out/>
</testsuite> <!-- com.Automation.Learning.TestCases.WebTableTest -->
