<?xml version="1.0" encoding="UTF-8"?>
<!-- Generated by org.testng.reporters.JUnitReportReporter -->
<testsuite hostname="DESKTOP-73IKDK2" failures="0" tests="1" name="com.Automation.Learning.TestCases.DataDrivenTest" time="11.910" errors="0" timestamp="2021-07-06T21:16:07 EDT" skipped="0">
  <testcase classname="com.Automation.Learning.TestCases.DataDrivenTest" name="OrderItemsinAmazon" time="11.910"/>
  <system-out/>
</testsuite> <!-- com.Automation.Learning.TestCases.DataDrivenTest -->
