<?xml version="1.0" encoding="UTF-8"?>
<!-- Generated by org.testng.reporters.JUnitReportReporter -->
<testsuite hostname="DESKTOP-73IKDK2" failures="0" tests="1" name="com.Automation.Learning.TestCases.DeltaAirlinesTest" time="17.495" errors="0" timestamp="2021-06-27T21:29:59 EDT" skipped="0">
  <testcase classname="com.Automation.Learning.TestCases.DeltaAirlinesTest" name="SearchMultiTrip" time="17.495"/>
  <system-out/>
</testsuite> <!-- com.Automation.Learning.TestCases.DeltaAirlinesTest -->
