<?xml version="1.0" encoding="UTF-8"?>
<!-- Generated by org.testng.reporters.JUnitReportReporter -->
<testsuite hostname="DESKTOP-73IKDK2" failures="0" tests="2" name="com.Automation.Learning.TestCases.Retest" time="0.605" errors="0" timestamp="2021-07-02T17:27:18 EDT" skipped="0">
  <testcase classname="com.Automation.Learning.TestCases.Retest" name="timestamp" time="0.029"/>
  <system-out/>
  <testcase classname="com.Automation.Learning.TestCases.Retest" name="filecopying" time="0.576"/>
  <system-out/>
</testsuite> <!-- com.Automation.Learning.TestCases.Retest -->
