<?xml version="1.0" encoding="UTF-8"?>
<!-- Generated by org.testng.reporters.JUnitReportReporter -->
<testsuite hostname="DESKTOP-73IKDK2" failures="0" tests="1" name="com.Automation.Learning.TestCases.Readandwriteexcelfile" time="13.826" errors="0" timestamp="2021-06-16T21:15:25 EDT" skipped="0">
  <testcase classname="com.Automation.Learning.TestCases.Readandwriteexcelfile" name="OrderItemsinAmazon" time="13.826"/>
  <system-out/>
</testsuite> <!-- com.Automation.Learning.TestCases.Readandwriteexcelfile -->
